{"C:\\JON-DATA\\PROJECT-REACT-VITE\\jest-testing\\jest-testing-reactjs18\\src\\pages\\Home\\Home.jsx": {"path":"C:\\JON-DATA\\PROJECT-REACT-VITE\\jest-testing\\jest-testing-reactjs18\\src\\pages\\Home\\Home.jsx","statementMap":{"0":{"start":{"line":4,"column":2},"end":{"line":8,"column":4}}},"fnMap":{"0":{"name":"Home","decl":{"start":{"line":3,"column":24},"end":{"line":3,"column":28}},"loc":{"start":{"line":3,"column":31},"end":{"line":9,"column":1}},"line":3}},"branchMap":{},"s":{"0":1},"f":{"0":1},"b":{},"_coverageSchema":"1a1c01bbd47fc00a2c39e90264f33305004495a9","hash":"e9c06b1977f51c8ffeb1aa81124e1a2abb3e54b3"}
}
